mobile/build/intermediates/manifest_merge_blame_file/debug/processDebugMainManifest/manifest-merger-blame-debug-report.txt
1<?xml version="1.0" encoding="utf-8"?>
2<manifest xmlns:android="http://schemas.android.com/apk/res/android"
3    package="com.cyberkidstudios.smartreps"
4    android:versionCode="100001"
5    android:versionName="1.0.0" >
6
7    <uses-sdk
7-->INJECTED
8        android:minSdkVersion="26"
8-->INJECTED
9        android:targetSdkVersion="35" />
9-->INJECTED
10
11    <uses-permission android:name="android.permission.INTERNET" />
11-->src/main/AndroidManifest.xml:4:5-67
11-->src/main/AndroidManifest.xml:4:22-64
12    <uses-permission android:name="com.android.vending.BILLING" />
12-->[com.android.billingclient:billing-ktx:7.0.0] AndroidManifest.xml:9:5-67
12-->[com.android.billingclient:billing-ktx:7.0.0] AndroidManifest.xml:9:22-64
13
14    <queries>
14-->[com.android.billingclient:billing:7.0.0] AndroidManifest.xml:12:5-16:15
15        <intent>
15-->[com.android.billingclient:billing:7.0.0] AndroidManifest.xml:13:9-15:18
16            <action android:name="com.android.vending.billing.InAppBillingService.BIND" />
16-->[com.android.billingclient:billing:7.0.0] AndroidManifest.xml:14:13-91
16-->[com.android.billingclient:billing:7.0.0] AndroidManifest.xml:14:21-88
17        </intent>
18    </queries>
19
20    <uses-permission android:name="android.permission.ACCESS_NETWORK_STATE" />
20-->[com.google.android.gms:play-services-measurement:22.0.2] AndroidManifest.xml:24:5-79
20-->[com.google.android.gms:play-services-measurement:22.0.2] AndroidManifest.xml:24:22-76
21    <uses-permission android:name="android.permission.WAKE_LOCK" />
21-->[com.google.android.gms:play-services-measurement:22.0.2] AndroidManifest.xml:25:5-68
21-->[com.google.android.gms:play-services-measurement:22.0.2] AndroidManifest.xml:25:22-65
22    <uses-permission android:name="com.google.android.finsky.permission.BIND_GET_INSTALL_REFERRER_SERVICE" />
22-->[com.google.android.gms:play-services-measurement:22.0.2] AndroidManifest.xml:26:5-110
22-->[com.google.android.gms:play-services-measurement:22.0.2] AndroidManifest.xml:26:22-107
23    <uses-permission android:name="com.google.android.gms.permission.AD_ID" />
23-->[com.google.android.gms:play-services-measurement-impl:22.0.2] AndroidManifest.xml:27:5-79
23-->[com.google.android.gms:play-services-measurement-impl:22.0.2] AndroidManifest.xml:27:22-76
24
25    <permission
25-->[androidx.core:core:1.16.0] AndroidManifest.xml:22:5-24:47
26        android:name="com.cyberkidstudios.smartreps.DYNAMIC_RECEIVER_NOT_EXPORTED_PERMISSION"
26-->[androidx.core:core:1.16.0] AndroidManifest.xml:23:9-81
27        android:protectionLevel="signature" />
27-->[androidx.core:core:1.16.0] AndroidManifest.xml:24:9-44
28
29    <uses-permission android:name="com.cyberkidstudios.smartreps.DYNAMIC_RECEIVER_NOT_EXPORTED_PERMISSION" />
29-->[androidx.core:core:1.16.0] AndroidManifest.xml:26:5-97
29-->[androidx.core:core:1.16.0] AndroidManifest.xml:26:22-94
30    <uses-permission android:name="android.permission.ACCESS_ADSERVICES_ATTRIBUTION" />
30-->[com.google.android.gms:play-services-measurement-api:22.0.2] AndroidManifest.xml:26:5-88
30-->[com.google.android.gms:play-services-measurement-api:22.0.2] AndroidManifest.xml:26:22-85
31    <uses-permission android:name="android.permission.ACCESS_ADSERVICES_AD_ID" />
31-->[com.google.android.gms:play-services-measurement-api:22.0.2] AndroidManifest.xml:27:5-82
31-->[com.google.android.gms:play-services-measurement-api:22.0.2] AndroidManifest.xml:27:22-79
32
33    <application
33-->src/main/AndroidManifest.xml:6:5-23:19
34        android:name="com.cyberkidstudios.smartreps.SmartRepsApplication"
34-->src/main/AndroidManifest.xml:7:9-45
35        android:allowBackup="true"
35-->src/main/AndroidManifest.xml:8:9-35
36        android:appComponentFactory="androidx.core.app.CoreComponentFactory"
36-->[androidx.core:core:1.16.0] AndroidManifest.xml:28:18-86
37        android:debuggable="true"
38        android:extractNativeLibs="false"
38-->INJECTED
39        android:icon="@mipmap/ic_launcher"
39-->src/main/AndroidManifest.xml:9:9-43
40        android:label="@string/app_name"
40-->src/main/AndroidManifest.xml:10:9-41
41        android:roundIcon="@mipmap/ic_launcher_round"
41-->src/main/AndroidManifest.xml:11:9-54
42        android:supportsRtl="true"
42-->src/main/AndroidManifest.xml:12:9-35
43        android:testOnly="true"
44        android:theme="@style/Theme.App.Starting" >
44-->src/main/AndroidManifest.xml:13:9-50
45        <activity
45-->src/main/AndroidManifest.xml:14:9-22:20
46            android:name="com.cyberkidstudios.smartreps.MainActivity"
46-->src/main/AndroidManifest.xml:15:13-41
47            android:exported="true"
47-->src/main/AndroidManifest.xml:16:13-36
48            android:theme="@style/Theme.App.Starting" >
48-->src/main/AndroidManifest.xml:17:13-54
49            <intent-filter>
49-->src/main/AndroidManifest.xml:18:13-21:29
50                <action android:name="android.intent.action.MAIN" />
50-->src/main/AndroidManifest.xml:19:17-69
50-->src/main/AndroidManifest.xml:19:25-66
51
52                <category android:name="android.intent.category.LAUNCHER" />
52-->src/main/AndroidManifest.xml:20:17-77
52-->src/main/AndroidManifest.xml:20:27-74
53            </intent-filter>
54        </activity>
55
56        <meta-data
56-->[com.android.billingclient:billing:7.0.0] AndroidManifest.xml:19:9-21:37
57            android:name="com.google.android.play.billingclient.version"
57-->[com.android.billingclient:billing:7.0.0] AndroidManifest.xml:20:13-73
58            android:value="7.0.0" />
58-->[com.android.billingclient:billing:7.0.0] AndroidManifest.xml:21:13-34
59
60        <activity
60-->[com.android.billingclient:billing:7.0.0] AndroidManifest.xml:23:9-27:75
61            android:name="com.android.billingclient.api.ProxyBillingActivity"
61-->[com.android.billingclient:billing:7.0.0] AndroidManifest.xml:24:13-78
62            android:configChanges="keyboard|keyboardHidden|screenLayout|screenSize|orientation"
62-->[com.android.billingclient:billing:7.0.0] AndroidManifest.xml:25:13-96
63            android:exported="false"
63-->[com.android.billingclient:billing:7.0.0] AndroidManifest.xml:26:13-37
64            android:theme="@android:style/Theme.Translucent.NoTitleBar" />
64-->[com.android.billingclient:billing:7.0.0] AndroidManifest.xml:27:13-72
65        <activity
65-->[com.android.billingclient:billing:7.0.0] AndroidManifest.xml:28:9-32:75
66            android:name="com.android.billingclient.api.ProxyBillingActivityV2"
66-->[com.android.billingclient:billing:7.0.0] AndroidManifest.xml:29:13-80
67            android:configChanges="keyboard|keyboardHidden|screenLayout|screenSize|orientation"
67-->[com.android.billingclient:billing:7.0.0] AndroidManifest.xml:30:13-96
68            android:exported="false"
68-->[com.android.billingclient:billing:7.0.0] AndroidManifest.xml:31:13-37
69            android:theme="@android:style/Theme.Translucent.NoTitleBar" />
69-->[com.android.billingclient:billing:7.0.0] AndroidManifest.xml:32:13-72
70        <activity
70-->[com.google.android.gms:play-services-base:18.5.0] AndroidManifest.xml:5:9-173
71            android:name="com.google.android.gms.common.api.GoogleApiActivity"
71-->[com.google.android.gms:play-services-base:18.5.0] AndroidManifest.xml:5:19-85
72            android:exported="false"
72-->[com.google.android.gms:play-services-base:18.5.0] AndroidManifest.xml:5:146-170
73            android:theme="@android:style/Theme.Translucent.NoTitleBar" />
73-->[com.google.android.gms:play-services-base:18.5.0] AndroidManifest.xml:5:86-145
74
75        <service
75-->[androidx.room:room-runtime-android:2.8.4] AndroidManifest.xml:24:9-28:63
76            android:name="androidx.room.MultiInstanceInvalidationService"
76-->[androidx.room:room-runtime-android:2.8.4] AndroidManifest.xml:25:13-74
77            android:directBootAware="true"
77-->[androidx.room:room-runtime-android:2.8.4] AndroidManifest.xml:26:13-43
78            android:exported="false" />
78-->[androidx.room:room-runtime-android:2.8.4] AndroidManifest.xml:27:13-37
79
80        <receiver
80-->[com.google.android.gms:play-services-measurement:22.0.2] AndroidManifest.xml:29:9-33:20
81            android:name="com.google.android.gms.measurement.AppMeasurementReceiver"
81-->[com.google.android.gms:play-services-measurement:22.0.2] AndroidManifest.xml:30:13-85
82            android:enabled="true"
82-->[com.google.android.gms:play-services-measurement:22.0.2] AndroidManifest.xml:31:13-35
83            android:exported="false" >
83-->[com.google.android.gms:play-services-measurement:22.0.2] AndroidManifest.xml:32:13-37
84        </receiver>
85
86        <service
86-->[com.google.android.gms:play-services-measurement:22.0.2] AndroidManifest.xml:35:9-38:40
87            android:name="com.google.android.gms.measurement.AppMeasurementService"
87-->[com.google.android.gms:play-services-measurement:22.0.2] AndroidManifest.xml:36:13-84
88            android:enabled="true"
88-->[com.google.android.gms:play-services-measurement:22.0.2] AndroidManifest.xml:37:13-35
89            android:exported="false" />
89-->[com.google.android.gms:play-services-measurement:22.0.2] AndroidManifest.xml:38:13-37
90        <service
90-->[com.google.android.gms:play-services-measurement:22.0.2] AndroidManifest.xml:39:9-43:72
91            android:name="com.google.android.gms.measurement.AppMeasurementJobService"
91-->[com.google.android.gms:play-services-measurement:22.0.2] AndroidManifest.xml:40:13-87
92            android:enabled="true"
92-->[com.google.android.gms:play-services-measurement:22.0.2] AndroidManifest.xml:41:13-35
93            android:exported="false"
93-->[com.google.android.gms:play-services-measurement:22.0.2] AndroidManifest.xml:42:13-37
94            android:permission="android.permission.BIND_JOB_SERVICE" />
94-->[com.google.android.gms:play-services-measurement:22.0.2] AndroidManifest.xml:43:13-69
95
96        <provider
96-->[androidx.emoji2:emoji2:1.4.0] AndroidManifest.xml:24:9-32:20
97            android:name="androidx.startup.InitializationProvider"
97-->[androidx.emoji2:emoji2:1.4.0] AndroidManifest.xml:25:13-67
98            android:authorities="com.cyberkidstudios.smartreps.androidx-startup"
98-->[androidx.emoji2:emoji2:1.4.0] AndroidManifest.xml:26:13-68
99            android:exported="false" >
99-->[androidx.emoji2:emoji2:1.4.0] AndroidManifest.xml:27:13-37
100            <meta-data
100-->[androidx.emoji2:emoji2:1.4.0] AndroidManifest.xml:29:13-31:52
101                android:name="androidx.emoji2.text.EmojiCompatInitializer"
101-->[androidx.emoji2:emoji2:1.4.0] AndroidManifest.xml:30:17-75
102                android:value="androidx.startup" />
102-->[androidx.emoji2:emoji2:1.4.0] AndroidManifest.xml:31:17-49
103            <meta-data
103-->[androidx.lifecycle:lifecycle-process:2.9.4] AndroidManifest.xml:29:13-31:52
104                android:name="androidx.lifecycle.ProcessLifecycleInitializer"
104-->[androidx.lifecycle:lifecycle-process:2.9.4] AndroidManifest.xml:30:17-78
105                android:value="androidx.startup" />
105-->[androidx.lifecycle:lifecycle-process:2.9.4] AndroidManifest.xml:31:17-49
106            <meta-data
106-->[androidx.profileinstaller:profileinstaller:1.4.1] AndroidManifest.xml:29:13-31:52
107                android:name="androidx.profileinstaller.ProfileInstallerInitializer"
107-->[androidx.profileinstaller:profileinstaller:1.4.1] AndroidManifest.xml:30:17-85
108                android:value="androidx.startup" />
108-->[androidx.profileinstaller:profileinstaller:1.4.1] AndroidManifest.xml:31:17-49
109        </provider>
110
111        <uses-library
111-->[androidx.window:window:1.5.0] AndroidManifest.xml:23:9-25:40
112            android:name="androidx.window.extensions"
112-->[androidx.window:window:1.5.0] AndroidManifest.xml:24:13-54
113            android:required="false" />
113-->[androidx.window:window:1.5.0] AndroidManifest.xml:25:13-37
114        <uses-library
114-->[androidx.window:window:1.5.0] AndroidManifest.xml:26:9-28:40
115            android:name="androidx.window.sidecar"
115-->[androidx.window:window:1.5.0] AndroidManifest.xml:27:13-51
116            android:required="false" />
116-->[androidx.window:window:1.5.0] AndroidManifest.xml:28:13-37
117        <uses-library
117-->[androidx.privacysandbox.ads:ads-adservices:1.0.0-beta05] AndroidManifest.xml:23:9-25:40
118            android:name="android.ext.adservices"
118-->[androidx.privacysandbox.ads:ads-adservices:1.0.0-beta05] AndroidManifest.xml:24:13-50
119            android:required="false" />
119-->[androidx.privacysandbox.ads:ads-adservices:1.0.0-beta05] AndroidManifest.xml:25:13-37
120
121        <activity
121-->[androidx.compose.ui:ui-tooling-android:1.11.3] AndroidManifest.xml:23:9-25:39
122            android:name="androidx.compose.ui.tooling.PreviewActivity"
122-->[androidx.compose.ui:ui-tooling-android:1.11.3] AndroidManifest.xml:24:13-71
123            android:exported="true" />
123-->[androidx.compose.ui:ui-tooling-android:1.11.3] AndroidManifest.xml:25:13-36
124
125        <service
125-->[com.google.firebase:firebase-crashlytics:19.0.3] AndroidManifest.xml:12:9-21:19
126            android:name="com.google.firebase.components.ComponentDiscoveryService"
126-->[com.google.firebase:firebase-crashlytics:19.0.3] AndroidManifest.xml:13:13-84
127            android:directBootAware="true"
127-->[com.google.firebase:firebase-common:21.0.0] AndroidManifest.xml:32:13-43
128            android:exported="false" >
128-->[com.google.firebase:firebase-crashlytics:19.0.3] AndroidManifest.xml:14:13-37
129            <meta-data
129-->[com.google.firebase:firebase-crashlytics:19.0.3] AndroidManifest.xml:15:13-17:85
130                android:name="com.google.firebase.components:com.google.firebase.crashlytics.FirebaseCrashlyticsKtxRegistrar"
130-->[com.google.firebase:firebase-crashlytics:19.0.3] AndroidManifest.xml:16:17-126
131                android:value="com.google.firebase.components.ComponentRegistrar" />
131-->[com.google.firebase:firebase-crashlytics:19.0.3] AndroidManifest.xml:17:17-82
132            <meta-data
132-->[com.google.firebase:firebase-crashlytics:19.0.3] AndroidManifest.xml:18:13-20:85
133                android:name="com.google.firebase.components:com.google.firebase.crashlytics.CrashlyticsRegistrar"
133-->[com.google.firebase:firebase-crashlytics:19.0.3] AndroidManifest.xml:19:17-115
134                android:value="com.google.firebase.components.ComponentRegistrar" />
134-->[com.google.firebase:firebase-crashlytics:19.0.3] AndroidManifest.xml:20:17-82
135            <meta-data
135-->[com.google.firebase:firebase-sessions:2.0.3] AndroidManifest.xml:29:13-31:85
136                android:name="com.google.firebase.components:com.google.firebase.sessions.FirebaseSessionsRegistrar"
136-->[com.google.firebase:firebase-sessions:2.0.3] AndroidManifest.xml:30:17-117
137                android:value="com.google.firebase.components.ComponentRegistrar" />
137-->[com.google.firebase:firebase-sessions:2.0.3] AndroidManifest.xml:31:17-82
138            <meta-data
138-->[com.google.android.gms:play-services-measurement-api:22.0.2] AndroidManifest.xml:37:13-39:85
139                android:name="com.google.firebase.components:com.google.firebase.analytics.connector.internal.AnalyticsConnectorRegistrar"
139-->[com.google.android.gms:play-services-measurement-api:22.0.2] AndroidManifest.xml:38:17-139
140                android:value="com.google.firebase.components.ComponentRegistrar" />
140-->[com.google.android.gms:play-services-measurement-api:22.0.2] AndroidManifest.xml:39:17-82
141            <meta-data
141-->[com.google.firebase:firebase-installations:18.0.0] AndroidManifest.xml:15:13-17:85
142                android:name="com.google.firebase.components:com.google.firebase.installations.FirebaseInstallationsKtxRegistrar"
142-->[com.google.firebase:firebase-installations:18.0.0] AndroidManifest.xml:16:17-130
143                android:value="com.google.firebase.components.ComponentRegistrar" />
143-->[com.google.firebase:firebase-installations:18.0.0] AndroidManifest.xml:17:17-82
144            <meta-data
144-->[com.google.firebase:firebase-installations:18.0.0] AndroidManifest.xml:18:13-20:85
145                android:name="com.google.firebase.components:com.google.firebase.installations.FirebaseInstallationsRegistrar"
145-->[com.google.firebase:firebase-installations:18.0.0] AndroidManifest.xml:19:17-127
146                android:value="com.google.firebase.components.ComponentRegistrar" />
146-->[com.google.firebase:firebase-installations:18.0.0] AndroidManifest.xml:20:17-82
147            <meta-data
147-->[com.google.firebase:firebase-common-ktx:21.0.0] AndroidManifest.xml:12:13-14:85
148                android:name="com.google.firebase.components:com.google.firebase.ktx.FirebaseCommonLegacyRegistrar"
148-->[com.google.firebase:firebase-common-ktx:21.0.0] AndroidManifest.xml:13:17-116
149                android:value="com.google.firebase.components.ComponentRegistrar" />
149-->[com.google.firebase:firebase-common-ktx:21.0.0] AndroidManifest.xml:14:17-82
150            <meta-data
150-->[com.google.firebase:firebase-common:21.0.0] AndroidManifest.xml:35:13-37:85
151                android:name="com.google.firebase.components:com.google.firebase.FirebaseCommonKtxRegistrar"
151-->[com.google.firebase:firebase-common:21.0.0] AndroidManifest.xml:36:17-109
152                android:value="com.google.firebase.components.ComponentRegistrar" />
152-->[com.google.firebase:firebase-common:21.0.0] AndroidManifest.xml:37:17-82
153            <meta-data
153-->[com.google.firebase:firebase-datatransport:19.0.0] AndroidManifest.xml:25:13-27:85
154                android:name="com.google.firebase.components:com.google.firebase.datatransport.TransportRegistrar"
154-->[com.google.firebase:firebase-datatransport:19.0.0] AndroidManifest.xml:26:17-115
155                android:value="com.google.firebase.components.ComponentRegistrar" />
155-->[com.google.firebase:firebase-datatransport:19.0.0] AndroidManifest.xml:27:17-82
156        </service>
157        <service
157-->[com.google.firebase:firebase-sessions:2.0.3] AndroidManifest.xml:22:9-25:40
158            android:name="com.google.firebase.sessions.SessionLifecycleService"
158-->[com.google.firebase:firebase-sessions:2.0.3] AndroidManifest.xml:23:13-80
159            android:enabled="true"
159-->[com.google.firebase:firebase-sessions:2.0.3] AndroidManifest.xml:24:13-35
160            android:exported="false" />
160-->[com.google.firebase:firebase-sessions:2.0.3] AndroidManifest.xml:25:13-37
161
162        <property
162-->[com.google.android.gms:play-services-measurement-api:22.0.2] AndroidManifest.xml:30:9-32:61
163            android:name="android.adservices.AD_SERVICES_CONFIG"
163-->[com.google.android.gms:play-services-measurement-api:22.0.2] AndroidManifest.xml:31:13-65
164            android:resource="@xml/ga_ad_services_config" />
164-->[com.google.android.gms:play-services-measurement-api:22.0.2] AndroidManifest.xml:32:13-58
165
166        <provider
166-->[com.google.firebase:firebase-common:21.0.0] AndroidManifest.xml:23:9-28:39
167            android:name="com.google.firebase.provider.FirebaseInitProvider"
167-->[com.google.firebase:firebase-common:21.0.0] AndroidManifest.xml:24:13-77
168            android:authorities="com.cyberkidstudios.smartreps.firebaseinitprovider"
168-->[com.google.firebase:firebase-common:21.0.0] AndroidManifest.xml:25:13-72
169            android:directBootAware="true"
169-->[com.google.firebase:firebase-common:21.0.0] AndroidManifest.xml:26:13-43
170            android:exported="false"
170-->[com.google.firebase:firebase-common:21.0.0] AndroidManifest.xml:27:13-37
171            android:initOrder="100" />
171-->[com.google.firebase:firebase-common:21.0.0] AndroidManifest.xml:28:13-36
172
173        <meta-data
173-->[com.google.android.gms:play-services-basement:18.9.0] AndroidManifest.xml:21:9-23:69
174            android:name="com.google.android.gms.version"
174-->[com.google.android.gms:play-services-basement:18.9.0] AndroidManifest.xml:22:13-58
175            android:value="@integer/google_play_services_version" />
175-->[com.google.android.gms:play-services-basement:18.9.0] AndroidManifest.xml:23:13-66
176
177        <service
177-->[com.google.android.datatransport:transport-backend-cct:3.3.0] AndroidManifest.xml:26:9-32:19
178            android:name="com.google.android.datatransport.runtime.backends.TransportBackendDiscovery"
178-->[com.google.android.datatransport:transport-backend-cct:3.3.0] AndroidManifest.xml:27:13-103
179            android:exported="false" >
179-->[com.google.android.datatransport:transport-backend-cct:3.3.0] AndroidManifest.xml:28:13-37
180            <meta-data
180-->[com.google.android.datatransport:transport-backend-cct:3.3.0] AndroidManifest.xml:29:13-31:39
181                android:name="backend:com.google.android.datatransport.cct.CctBackendFactory"
181-->[com.google.android.datatransport:transport-backend-cct:3.3.0] AndroidManifest.xml:30:17-94
182                android:value="cct" />
182-->[com.google.android.datatransport:transport-backend-cct:3.3.0] AndroidManifest.xml:31:17-36
183        </service>
184        <service
184-->[com.google.android.datatransport:transport-runtime:3.3.0] AndroidManifest.xml:24:9-28:19
185            android:name="com.google.android.datatransport.runtime.scheduling.jobscheduling.JobInfoSchedulerService"
185-->[com.google.android.datatransport:transport-runtime:3.3.0] AndroidManifest.xml:25:13-117
186            android:exported="false"
186-->[com.google.android.datatransport:transport-runtime:3.3.0] AndroidManifest.xml:26:13-37
187            android:permission="android.permission.BIND_JOB_SERVICE" >
187-->[com.google.android.datatransport:transport-runtime:3.3.0] AndroidManifest.xml:27:13-69
188        </service>
189
190        <receiver
190-->[com.google.android.datatransport:transport-runtime:3.3.0] AndroidManifest.xml:30:9-32:40
191            android:name="com.google.android.datatransport.runtime.scheduling.jobscheduling.AlarmManagerSchedulerBroadcastReceiver"
191-->[com.google.android.datatransport:transport-runtime:3.3.0] AndroidManifest.xml:31:13-132
192            android:exported="false" />
192-->[com.google.android.datatransport:transport-runtime:3.3.0] AndroidManifest.xml:32:13-37
193        <receiver
193-->[androidx.profileinstaller:profileinstaller:1.4.1] AndroidManifest.xml:34:9-52:20
194            android:name="androidx.profileinstaller.ProfileInstallReceiver"
194-->[androidx.profileinstaller:profileinstaller:1.4.1] AndroidManifest.xml:35:13-76
195            android:directBootAware="false"
195-->[androidx.profileinstaller:profileinstaller:1.4.1] AndroidManifest.xml:36:13-44
196            android:enabled="true"
196-->[androidx.profileinstaller:profileinstaller:1.4.1] AndroidManifest.xml:37:13-35
197            android:exported="true"
197-->[androidx.profileinstaller:profileinstaller:1.4.1] AndroidManifest.xml:38:13-36
198            android:permission="android.permission.DUMP" >
198-->[androidx.profileinstaller:profileinstaller:1.4.1] AndroidManifest.xml:39:13-57
199            <intent-filter>
199-->[androidx.profileinstaller:profileinstaller:1.4.1] AndroidManifest.xml:40:13-42:29
200                <action android:name="androidx.profileinstaller.action.INSTALL_PROFILE" />
200-->[androidx.profileinstaller:profileinstaller:1.4.1] AndroidManifest.xml:41:17-91
200-->[androidx.profileinstaller:profileinstaller:1.4.1] AndroidManifest.xml:41:25-88
201            </intent-filter>
202            <intent-filter>
202-->[androidx.profileinstaller:profileinstaller:1.4.1] AndroidManifest.xml:43:13-45:29
203                <action android:name="androidx.profileinstaller.action.SKIP_FILE" />
203-->[androidx.profileinstaller:profileinstaller:1.4.1] AndroidManifest.xml:44:17-85
203-->[androidx.profileinstaller:profileinstaller:1.4.1] AndroidManifest.xml:44:25-82
204            </intent-filter>
205            <intent-filter>
205-->[androidx.profileinstaller:profileinstaller:1.4.1] AndroidManifest.xml:46:13-48:29
206                <action android:name="androidx.profileinstaller.action.SAVE_PROFILE" />
206-->[androidx.profileinstaller:profileinstaller:1.4.1] AndroidManifest.xml:47:17-88
206-->[androidx.profileinstaller:profileinstaller:1.4.1] AndroidManifest.xml:47:25-85
207            </intent-filter>
208            <intent-filter>
208-->[androidx.profileinstaller:profileinstaller:1.4.1] AndroidManifest.xml:49:13-51:29
209                <action android:name="androidx.profileinstaller.action.BENCHMARK_OPERATION" />
209-->[androidx.profileinstaller:profileinstaller:1.4.1] AndroidManifest.xml:50:17-95
209-->[androidx.profileinstaller:profileinstaller:1.4.1] AndroidManifest.xml:50:25-92
210            </intent-filter>
211        </receiver>
212    </application>
213
214</manifest>